<?xml version="1.0" encoding="UTF-8"?>
<testng-results skipped="4" failed="3" total="7" passed="0">
  <reporter-output>
  </reporter-output>
  <suite name="PortFolio" duration-ms="15093" started-at="2016-03-20T17:52:34Z" finished-at="2016-03-20T17:52:49Z">
    <groups>
    </groups>
    <test name="LoginTest" duration-ms="7337" started-at="2016-03-20T17:52:34Z" finished-at="2016-03-20T17:52:41Z">
      <class name="com.selenium.framework.datadriven.PortFolio.LoginTest">
        <test-method status="PASS" signature="initLogs()" name="initLogs" is-config="true" duration-ms="190" started-at="2016-03-20T17:52:34Z" finished-at="2016-03-20T17:52:34Z">
        </test-method>
        <test-method status="FAIL" signature="logintest(java.util.Hashtable)" name="logintest" duration-ms="4537" started-at="2016-03-20T17:52:36Z" finished-at="2016-03-20T17:52:41Z">
          <params>
            <param index="0">
              <value>
                <![CDATA[{Username=anjalimarch24@gmail.com, Password=rudransh, Runmode=Y, Expected_Result=SUCCESS, Browser=Mozilla, Result=}]]>
              </value>
            </param>
          </params>
          <exception class="java.lang.AssertionError">
            <message>
              <![CDATA[Not able to open browser - Could not start a new session. Possible causes are invalid address of the remote server or browser start-up failure.
Build info: version: '2.42.2', revision: '6a6995d31c7c56c340d6f45a76976d43506cd6cc', time: '2014-06-03 10:52:47'
System info: host: 'welcome-PC', ip: '192.168.1.6', os.name: 'Windows 7', os.arch: 'amd64', os.version: '6.1', java.version: '1.7.0_79'
Driver info: driver.version: RemoteWebDriver]]>
            </message>
            <full-stacktrace>
              <![CDATA[java.lang.AssertionError: Not able to open browser - Could not start a new session. Possible causes are invalid address of the remote server or browser start-up failure.
Build info: version: '2.42.2', revision: '6a6995d31c7c56c340d6f45a76976d43506cd6cc', time: '2014-06-03 10:52:47'
System info: host: 'welcome-PC', ip: '192.168.1.6', os.name: 'Windows 7', os.arch: 'amd64', os.version: '6.1', java.version: '1.7.0_79'
Driver info: driver.version: RemoteWebDriver
	at org.testng.Assert.fail(Assert.java:89)
	at com.selenium.framework.datadriven.TestBase.openBrowser(TestBase.java:143)
	at com.selenium.framework.datadriven.TestBase.doLogin(TestBase.java:217)
	at com.selenium.framework.datadriven.PortFolio.LoginTest.logintest(LoginTest.java:48)
	at sun.reflect.NativeMethodAccessorImpl.invoke0(Native Method)
	at sun.reflect.NativeMethodAccessorImpl.invoke(NativeMethodAccessorImpl.java:57)
	at sun.reflect.DelegatingMethodAccessorImpl.invoke(DelegatingMethodAccessorImpl.java:43)
	at java.lang.reflect.Method.invoke(Method.java:606)
	at org.testng.internal.MethodInvocationHelper.invokeMethod(MethodInvocationHelper.java:80)
	at org.testng.internal.Invoker.invokeMethod(Invoker.java:673)
	at org.testng.internal.Invoker.invokeTestMethod(Invoker.java:842)
	at org.testng.internal.TestMethodWithDataProviderMethodWorker.call(TestMethodWithDataProviderMethodWorker.java:73)
	at org.testng.internal.TestMethodWithDataProviderMethodWorker.call(TestMethodWithDataProviderMethodWorker.java:14)
	at java.util.concurrent.FutureTask.run(FutureTask.java:262)
	at java.util.concurrent.ThreadPoolExecutor.runWorker(ThreadPoolExecutor.java:1145)
	at java.util.concurrent.ThreadPoolExecutor$Worker.run(ThreadPoolExecutor.java:615)
	at java.lang.Thread.run(Thread.java:745)
]]>
            </full-stacktrace>
          </exception>
        </test-method>
        <test-method status="SKIP" signature="logintest(java.util.Hashtable)" name="logintest" duration-ms="487" started-at="2016-03-20T17:52:36Z" finished-at="2016-03-20T17:52:37Z">
          <params>
            <param index="0">
              <value>
                <![CDATA[{Username=anjalimarch24@gmail.com, Password=rudransh, Runmode=N, Expected_Result=FAILURE, Browser=Chrome, Result=}]]>
              </value>
            </param>
          </params>
          <exception class="org.testng.SkipException">
            <message>
              <![CDATA[Skipping the test LoginTestinside thePortFolioTest]]>
            </message>
            <full-stacktrace>
              <![CDATA[org.testng.SkipException: Skipping the test LoginTestinside thePortFolioTest
	at com.selenium.framework.datadriven.TestBase.validateRunmodes(TestBase.java:97)
	at com.selenium.framework.datadriven.PortFolio.LoginTest.logintest(LoginTest.java:35)
	at sun.reflect.NativeMethodAccessorImpl.invoke0(Native Method)
	at sun.reflect.NativeMethodAccessorImpl.invoke(NativeMethodAccessorImpl.java:57)
	at sun.reflect.DelegatingMethodAccessorImpl.invoke(DelegatingMethodAccessorImpl.java:43)
	at java.lang.reflect.Method.invoke(Method.java:606)
	at org.testng.internal.MethodInvocationHelper.invokeMethod(MethodInvocationHelper.java:80)
	at org.testng.internal.Invoker.invokeMethod(Invoker.java:673)
	at org.testng.internal.Invoker.invokeTestMethod(Invoker.java:842)
	at org.testng.internal.TestMethodWithDataProviderMethodWorker.call(TestMethodWithDataProviderMethodWorker.java:73)
	at org.testng.internal.TestMethodWithDataProviderMethodWorker.call(TestMethodWithDataProviderMethodWorker.java:14)
	at java.util.concurrent.FutureTask.run(FutureTask.java:262)
	at java.util.concurrent.ThreadPoolExecutor.runWorker(ThreadPoolExecutor.java:1145)
	at java.util.concurrent.ThreadPoolExecutor$Worker.run(ThreadPoolExecutor.java:615)
	at java.lang.Thread.run(Thread.java:745)
]]>
            </full-stacktrace>
          </exception>
        </test-method>
        <test-method status="SKIP" signature="logintest(java.util.Hashtable)" name="logintest" duration-ms="644" started-at="2016-03-20T17:52:36Z" finished-at="2016-03-20T17:52:37Z">
          <params>
            <param index="0">
              <value>
                <![CDATA[{Username=anjalimarch24@gmail.com, Password=rudransh, Runmode=N, Expected_Result=SUCCESS, Browser=Chrome, Result=}]]>
              </value>
            </param>
          </params>
          <exception class="org.testng.SkipException">
            <message>
              <![CDATA[Skipping the test LoginTestinside thePortFolioTest]]>
            </message>
            <full-stacktrace>
              <![CDATA[org.testng.SkipException: Skipping the test LoginTestinside thePortFolioTest
	at com.selenium.framework.datadriven.TestBase.validateRunmodes(TestBase.java:97)
	at com.selenium.framework.datadriven.PortFolio.LoginTest.logintest(LoginTest.java:35)
	at sun.reflect.NativeMethodAccessorImpl.invoke0(Native Method)
	at sun.reflect.NativeMethodAccessorImpl.invoke(NativeMethodAccessorImpl.java:57)
	at sun.reflect.DelegatingMethodAccessorImpl.invoke(DelegatingMethodAccessorImpl.java:43)
	at java.lang.reflect.Method.invoke(Method.java:606)
	at org.testng.internal.MethodInvocationHelper.invokeMethod(MethodInvocationHelper.java:80)
	at org.testng.internal.Invoker.invokeMethod(Invoker.java:673)
	at org.testng.internal.Invoker.invokeTestMethod(Invoker.java:842)
	at org.testng.internal.TestMethodWithDataProviderMethodWorker.call(TestMethodWithDataProviderMethodWorker.java:73)
	at org.testng.internal.TestMethodWithDataProviderMethodWorker.call(TestMethodWithDataProviderMethodWorker.java:14)
	at java.util.concurrent.FutureTask.run(FutureTask.java:262)
	at java.util.concurrent.ThreadPoolExecutor.runWorker(ThreadPoolExecutor.java:1145)
	at java.util.concurrent.ThreadPoolExecutor$Worker.run(ThreadPoolExecutor.java:615)
	at java.lang.Thread.run(Thread.java:745)
]]>
            </full-stacktrace>
          </exception>
        </test-method>
        <test-method status="PASS" signature="close()" name="close" is-config="true" duration-ms="0" started-at="2016-03-20T17:52:37Z" finished-at="2016-03-20T17:52:37Z">
        </test-method>
        <test-method status="PASS" signature="close()" name="close" is-config="true" duration-ms="0" started-at="2016-03-20T17:52:37Z" finished-at="2016-03-20T17:52:37Z">
        </test-method>
        <test-method status="PASS" signature="close()" name="close" is-config="true" duration-ms="1" started-at="2016-03-20T17:52:41Z" finished-at="2016-03-20T17:52:41Z">
        </test-method>
      </class>
    </test>
    <test name="TopAssetsperTest" duration-ms="4252" started-at="2016-03-20T17:52:41Z" finished-at="2016-03-20T17:52:45Z">
      <class name="com.selenium.framework.datadriven.PortFolio.TopAssetsperTest">
        <test-method status="PASS" signature="initLogs()" name="initLogs" is-config="true" duration-ms="2" started-at="2016-03-20T17:52:41Z" finished-at="2016-03-20T17:52:41Z">
        </test-method>
        <test-method status="FAIL" signature="topperformingassetstest(java.util.Hashtable)" name="topperformingassetstest" duration-ms="3244" started-at="2016-03-20T17:52:41Z" finished-at="2016-03-20T17:52:45Z">
          <params>
            <param index="0">
              <value>
                <![CDATA[{Runmode=Y, Browser=Chrome, Result=}]]>
              </value>
            </param>
          </params>
          <exception class="java.lang.AssertionError">
            <message>
              <![CDATA[Not able to open browser - Could not start a new session. Possible causes are invalid address of the remote server or browser start-up failure.
Build info: version: '2.42.2', revision: '6a6995d31c7c56c340d6f45a76976d43506cd6cc', time: '2014-06-03 10:52:47'
System info: host: 'welcome-PC', ip: '192.168.1.6', os.name: 'Windows 7', os.arch: 'amd64', os.version: '6.1', java.version: '1.7.0_79'
Driver info: driver.version: RemoteWebDriver]]>
            </message>
            <full-stacktrace>
              <![CDATA[java.lang.AssertionError: Not able to open browser - Could not start a new session. Possible causes are invalid address of the remote server or browser start-up failure.
Build info: version: '2.42.2', revision: '6a6995d31c7c56c340d6f45a76976d43506cd6cc', time: '2014-06-03 10:52:47'
System info: host: 'welcome-PC', ip: '192.168.1.6', os.name: 'Windows 7', os.arch: 'amd64', os.version: '6.1', java.version: '1.7.0_79'
Driver info: driver.version: RemoteWebDriver
	at org.testng.Assert.fail(Assert.java:89)
	at com.selenium.framework.datadriven.TestBase.openBrowser(TestBase.java:143)
	at com.selenium.framework.datadriven.TestBase.doLogin(TestBase.java:217)
	at com.selenium.framework.datadriven.TestBase.doDefaultLogin(TestBase.java:237)
	at com.selenium.framework.datadriven.PortFolio.TopAssetsperTest.topperformingassetstest(TopAssetsperTest.java:34)
	at sun.reflect.NativeMethodAccessorImpl.invoke0(Native Method)
	at sun.reflect.NativeMethodAccessorImpl.invoke(NativeMethodAccessorImpl.java:57)
	at sun.reflect.DelegatingMethodAccessorImpl.invoke(DelegatingMethodAccessorImpl.java:43)
	at java.lang.reflect.Method.invoke(Method.java:606)
	at org.testng.internal.MethodInvocationHelper.invokeMethod(MethodInvocationHelper.java:80)
	at org.testng.internal.Invoker.invokeMethod(Invoker.java:673)
	at org.testng.internal.Invoker.invokeTestMethod(Invoker.java:842)
	at org.testng.internal.TestMethodWithDataProviderMethodWorker.call(TestMethodWithDataProviderMethodWorker.java:73)
	at org.testng.internal.TestMethodWithDataProviderMethodWorker.call(TestMethodWithDataProviderMethodWorker.java:14)
	at java.util.concurrent.FutureTask.run(FutureTask.java:262)
	at java.util.concurrent.ThreadPoolExecutor.runWorker(ThreadPoolExecutor.java:1145)
	at java.util.concurrent.ThreadPoolExecutor$Worker.run(ThreadPoolExecutor.java:615)
	at java.lang.Thread.run(Thread.java:745)
]]>
            </full-stacktrace>
          </exception>
        </test-method>
        <test-method status="SKIP" signature="topperformingassetstest(java.util.Hashtable)" name="topperformingassetstest" duration-ms="840" started-at="2016-03-20T17:52:41Z" finished-at="2016-03-20T17:52:42Z">
          <params>
            <param index="0">
              <value>
                <![CDATA[{Runmode=N, Browser=Mozilla, Result=}]]>
              </value>
            </param>
          </params>
          <exception class="org.testng.SkipException">
            <message>
              <![CDATA[Skipping the test TopPerformingAssetsTestinside thePortFolioTest]]>
            </message>
            <full-stacktrace>
              <![CDATA[org.testng.SkipException: Skipping the test TopPerformingAssetsTestinside thePortFolioTest
	at com.selenium.framework.datadriven.TestBase.validateRunmodes(TestBase.java:97)
	at com.selenium.framework.datadriven.PortFolio.TopAssetsperTest.topperformingassetstest(TopAssetsperTest.java:33)
	at sun.reflect.NativeMethodAccessorImpl.invoke0(Native Method)
	at sun.reflect.NativeMethodAccessorImpl.invoke(NativeMethodAccessorImpl.java:57)
	at sun.reflect.DelegatingMethodAccessorImpl.invoke(DelegatingMethodAccessorImpl.java:43)
	at java.lang.reflect.Method.invoke(Method.java:606)
	at org.testng.internal.MethodInvocationHelper.invokeMethod(MethodInvocationHelper.java:80)
	at org.testng.internal.Invoker.invokeMethod(Invoker.java:673)
	at org.testng.internal.Invoker.invokeTestMethod(Invoker.java:842)
	at org.testng.internal.TestMethodWithDataProviderMethodWorker.call(TestMethodWithDataProviderMethodWorker.java:73)
	at org.testng.internal.TestMethodWithDataProviderMethodWorker.call(TestMethodWithDataProviderMethodWorker.java:14)
	at java.util.concurrent.FutureTask.run(FutureTask.java:262)
	at java.util.concurrent.ThreadPoolExecutor.runWorker(ThreadPoolExecutor.java:1145)
	at java.util.concurrent.ThreadPoolExecutor$Worker.run(ThreadPoolExecutor.java:615)
	at java.lang.Thread.run(Thread.java:745)
]]>
            </full-stacktrace>
          </exception>
        </test-method>
        <test-method status="SKIP" signature="topperformingassetstest(java.util.Hashtable)" name="topperformingassetstest" duration-ms="912" started-at="2016-03-20T17:52:41Z" finished-at="2016-03-20T17:52:42Z">
          <params>
            <param index="0">
              <value>
                <![CDATA[{Runmode=N, Browser=Chrome, Result=}]]>
              </value>
            </param>
          </params>
          <exception class="org.testng.SkipException">
            <message>
              <![CDATA[Skipping the test TopPerformingAssetsTestinside thePortFolioTest]]>
            </message>
            <full-stacktrace>
              <![CDATA[org.testng.SkipException: Skipping the test TopPerformingAssetsTestinside thePortFolioTest
	at com.selenium.framework.datadriven.TestBase.validateRunmodes(TestBase.java:97)
	at com.selenium.framework.datadriven.PortFolio.TopAssetsperTest.topperformingassetstest(TopAssetsperTest.java:33)
	at sun.reflect.NativeMethodAccessorImpl.invoke0(Native Method)
	at sun.reflect.NativeMethodAccessorImpl.invoke(NativeMethodAccessorImpl.java:57)
	at sun.reflect.DelegatingMethodAccessorImpl.invoke(DelegatingMethodAccessorImpl.java:43)
	at java.lang.reflect.Method.invoke(Method.java:606)
	at org.testng.internal.MethodInvocationHelper.invokeMethod(MethodInvocationHelper.java:80)
	at org.testng.internal.Invoker.invokeMethod(Invoker.java:673)
	at org.testng.internal.Invoker.invokeTestMethod(Invoker.java:842)
	at org.testng.internal.TestMethodWithDataProviderMethodWorker.call(TestMethodWithDataProviderMethodWorker.java:73)
	at org.testng.internal.TestMethodWithDataProviderMethodWorker.call(TestMethodWithDataProviderMethodWorker.java:14)
	at java.util.concurrent.FutureTask.run(FutureTask.java:262)
	at java.util.concurrent.ThreadPoolExecutor.runWorker(ThreadPoolExecutor.java:1145)
	at java.util.concurrent.ThreadPoolExecutor$Worker.run(ThreadPoolExecutor.java:615)
	at java.lang.Thread.run(Thread.java:745)
]]>
            </full-stacktrace>
          </exception>
        </test-method>
        <test-method status="PASS" signature="close()" name="close" is-config="true" duration-ms="0" started-at="2016-03-20T17:52:42Z" finished-at="2016-03-20T17:52:42Z">
        </test-method>
        <test-method status="PASS" signature="close()" name="close" is-config="true" duration-ms="1" started-at="2016-03-20T17:52:42Z" finished-at="2016-03-20T17:52:42Z">
        </test-method>
        <test-method status="PASS" signature="close()" name="close" is-config="true" duration-ms="1" started-at="2016-03-20T17:52:45Z" finished-at="2016-03-20T17:52:45Z">
        </test-method>
      </class>
    </test>
    <test name="Test3" duration-ms="3371" started-at="2016-03-20T17:52:45Z" finished-at="2016-03-20T17:52:49Z">
      <class name="com.selenium.framework.datadriven.PortFolio.Test3">
        <test-method status="PASS" signature="initLogs()" name="initLogs" is-config="true" duration-ms="1" started-at="2016-03-20T17:52:45Z" finished-at="2016-03-20T17:52:45Z">
        </test-method>
        <test-method status="FAIL" signature="test3(java.util.Hashtable)" name="test3" duration-ms="2200" started-at="2016-03-20T17:52:46Z" finished-at="2016-03-20T17:52:48Z">
          <params>
            <param index="0">
              <value>
                <![CDATA[{Date=11-04-2016, PurchasePrice=13, Runmode=Y, Expected_Result=SUCCESS, Quantity=12, StockName=Asian Paints Pvt Ltd, Browser=Chrome, Result=}]]>
              </value>
            </param>
          </params>
          <exception class="java.lang.AssertionError">
            <message>
              <![CDATA[Not able to open browser - Could not start a new session. Possible causes are invalid address of the remote server or browser start-up failure.
Build info: version: '2.42.2', revision: '6a6995d31c7c56c340d6f45a76976d43506cd6cc', time: '2014-06-03 10:52:47'
System info: host: 'welcome-PC', ip: '192.168.1.6', os.name: 'Windows 7', os.arch: 'amd64', os.version: '6.1', java.version: '1.7.0_79'
Driver info: driver.version: RemoteWebDriver]]>
            </message>
            <full-stacktrace>
              <![CDATA[java.lang.AssertionError: Not able to open browser - Could not start a new session. Possible causes are invalid address of the remote server or browser start-up failure.
Build info: version: '2.42.2', revision: '6a6995d31c7c56c340d6f45a76976d43506cd6cc', time: '2014-06-03 10:52:47'
System info: host: 'welcome-PC', ip: '192.168.1.6', os.name: 'Windows 7', os.arch: 'amd64', os.version: '6.1', java.version: '1.7.0_79'
Driver info: driver.version: RemoteWebDriver
	at org.testng.Assert.fail(Assert.java:89)
	at com.selenium.framework.datadriven.TestBase.openBrowser(TestBase.java:143)
	at com.selenium.framework.datadriven.TestBase.doLogin(TestBase.java:217)
	at com.selenium.framework.datadriven.TestBase.doDefaultLogin(TestBase.java:237)
	at com.selenium.framework.datadriven.PortFolio.Test3.test3(Test3.java:27)
	at sun.reflect.NativeMethodAccessorImpl.invoke0(Native Method)
	at sun.reflect.NativeMethodAccessorImpl.invoke(NativeMethodAccessorImpl.java:57)
	at sun.reflect.DelegatingMethodAccessorImpl.invoke(DelegatingMethodAccessorImpl.java:43)
	at java.lang.reflect.Method.invoke(Method.java:606)
	at org.testng.internal.MethodInvocationHelper.invokeMethod(MethodInvocationHelper.java:80)
	at org.testng.internal.Invoker.invokeMethod(Invoker.java:673)
	at org.testng.internal.Invoker.invokeTestMethod(Invoker.java:842)
	at org.testng.internal.TestMethodWithDataProviderMethodWorker.call(TestMethodWithDataProviderMethodWorker.java:73)
	at org.testng.internal.TestMethodWithDataProviderMethodWorker.call(TestMethodWithDataProviderMethodWorker.java:14)
	at java.util.concurrent.FutureTask.run(FutureTask.java:262)
	at java.util.concurrent.ThreadPoolExecutor.runWorker(ThreadPoolExecutor.java:1145)
	at java.util.concurrent.ThreadPoolExecutor$Worker.run(ThreadPoolExecutor.java:615)
	at java.lang.Thread.run(Thread.java:745)
]]>
            </full-stacktrace>
          </exception>
        </test-method>
        <test-method status="PASS" signature="close()" name="close" is-config="true" duration-ms="0" started-at="2016-03-20T17:52:48Z" finished-at="2016-03-20T17:52:48Z">
        </test-method>
      </class>
    </test>
  </suite>
  <suite name="My Project" duration-ms="0" started-at="2016-03-20T17:52:53Z" finished-at="2016-03-20T17:52:53Z">
    <groups>
    </groups>
  </suite>
</testng-results>
