<!DOCTYPE html PUBLIC "-//W3C//DTD XHTML 1.1//EN" "http://www.w3.org/TR/xhtml11/DTD/xhtml11.dtd">
<html xmlns="http://www.w3.org/1999/xhtml"><head><title>TestNG Report</title><style type="text/css">table {margin-bottom:10px;border-collapse:collapse;empty-cells:show}th,td {border:1px solid #009;padding:.25em .5em}th {vertical-align:bottom}td {vertical-align:top}table a {font-weight:bold}.stripe td {background-color: #E6EBF9}.num {text-align:right}.passedodd td {background-color: #3F3}.passedeven td {background-color: #0A0}.skippedodd td {background-color: #DDD}.skippedeven td {background-color: #CCC}.failedodd td,.attn {background-color: #F33}.failedeven td,.stripe .attn {background-color: #D00}.stacktrace {white-space:pre;font-family:monospace}.totop {font-size:85%;text-align:center;border-bottom:2px solid #000}</style></head><body><table><tr><th>Test</th><th># Passed</th><th># Skipped</th><th># Failed</th><th>Time (ms)</th><th>Included Groups</th><th>Excluded Groups</th></tr><tr><th colspan="7">My Project</th></tr><tr><th colspan="7">PortFolio</th></tr><tr><td><a href="#t0">LoginTest</a></td><td class="num">1</td><td class="num attn">2</td><td class="num">0</td><td class="num">34,632</td><td></td><td></td></tr><tr class="stripe"><td><a href="#t1">TopAssetsperTest</a></td><td class="num">1</td><td class="num attn">2</td><td class="num">0</td><td class="num">19,470</td><td></td><td></td></tr><tr><td><a href="#t2">Test3</a></td><td class="num">1</td><td class="num">0</td><td class="num">0</td><td class="num">21,599</td><td></td><td></td></tr><tr><th>Total</th><th class="num">3</th><th class="num attn">4</th><th class="num">0</th><th class="num">75,701</th><th colspan="2"></th></tr></table><table><thead><tr><th>Class</th><th>Method</th><th>Start</th><th>Time (ms)</th></tr></thead><tbody><tr><th colspan="4">My Project</th></tr></tbody><tbody><tr><th colspan="4">PortFolio</th></tr></tbody><tbody id="t0"><tr><th colspan="4">LoginTest &#8212; skipped</th></tr><tr class="skippedeven"><td rowspan="2">com.selenium.framework.datadriven.PortFolio.LoginTest</td><td><a href="#m0">logintest</a></td><td rowspan="2">1457871439432</td><td rowspan="2">141</td></tr><tr class="skippedeven"><td><a href="#m1">logintest</a></td></tr><tr><th colspan="4">LoginTest &#8212; passed</th></tr><tr class="passedeven"><td rowspan="1">com.selenium.framework.datadriven.PortFolio.LoginTest</td><td><a href="#m2">logintest</a></td><td rowspan="1">1457871406751</td><td rowspan="1">31166</td></tr></tbody><tbody id="t1"><tr><th colspan="4">TopAssetsperTest &#8212; skipped</th></tr><tr class="skippedeven"><td rowspan="2">com.selenium.framework.datadriven.PortFolio.TopAssetsperTest</td><td><a href="#m3">topperformingassetstest</a></td><td rowspan="2">1457871458850</td><td rowspan="2">221</td></tr><tr class="skippedeven"><td><a href="#m4">topperformingassetstest</a></td></tr><tr><th colspan="4">TopAssetsperTest &#8212; passed</th></tr><tr class="passedeven"><td rowspan="1">com.selenium.framework.datadriven.PortFolio.TopAssetsperTest</td><td><a href="#m5">topperformingassetstest</a></td><td rowspan="1">1457871439681</td><td rowspan="1">17096</td></tr></tbody><tbody id="t2"><tr><th colspan="4">Test3 &#8212; passed</th></tr><tr class="passedeven"><td rowspan="1">com.selenium.framework.datadriven.PortFolio.Test3</td><td><a href="#m6">test3</a></td><td rowspan="1">1457871459260</td><td rowspan="1">19580</td></tr></tbody></table><h2>LoginTest</h2><h3 id="m0">com.selenium.framework.datadriven.PortFolio.LoginTest#logintest</h3><table class="result"><tr class="param"><th>Parameter #1</th></tr><tr class="param stripe"><td>{Username=anjalimarch24@gmail.com, Password=rudransh, Runmode=N, Expected_Result=SUCCESS, Browser=Chrome, Result=}</td></tr><tr><th>Exception</th></tr><tr><td><div class="stacktrace">org.testng.SkipException: Skipping the test LoginTestinside thePortFolioTest
	at com.selenium.framework.datadriven.TestBase.validateRunmodes(TestBase.java:92)
	at com.selenium.framework.datadriven.PortFolio.LoginTest.logintest(LoginTest.java:35)
... Removed 25 stack frames</div></td></tr></table><p class="totop"><a href="#summary">back to summary</a></p><h3 id="m1">com.selenium.framework.datadriven.PortFolio.LoginTest#logintest</h3><table class="result"><tr class="param"><th>Parameter #1</th></tr><tr class="param stripe"><td>{Username=anjalimarch24@gmail.com, Password=rudransh, Runmode=N, Expected_Result=FAILURE, Browser=Chrome, Result=}</td></tr><tr><th>Exception</th></tr><tr><td><div class="stacktrace">org.testng.SkipException: Skipping the test LoginTestinside thePortFolioTest
	at com.selenium.framework.datadriven.TestBase.validateRunmodes(TestBase.java:92)
	at com.selenium.framework.datadriven.PortFolio.LoginTest.logintest(LoginTest.java:35)
... Removed 25 stack frames</div></td></tr></table><p class="totop"><a href="#summary">back to summary</a></p><h3 id="m2">com.selenium.framework.datadriven.PortFolio.LoginTest#logintest</h3><table class="result"><tr class="param"><th>Parameter #1</th></tr><tr class="param stripe"><td>{Username=anjalimarch24@gmail.com, Password=rudransh, Runmode=Y, Expected_Result=SUCCESS, Browser=Mozilla, Result=}</td></tr><tr><th>Exception</th></tr><tr><td><div class="stacktrace">java.lang.AssertionError: Title does not match expected [true] but found [false]
	at com.selenium.framework.datadriven.PortFolio.LoginTest.logintest(LoginTest.java:59)
... Removed 28 stack frames</div></td></tr></table><p class="totop"><a href="#summary">back to summary</a></p><h2>TopAssetsperTest</h2><h3 id="m3">com.selenium.framework.datadriven.PortFolio.TopAssetsperTest#topperformingassetstest</h3><table class="result"><tr class="param"><th>Parameter #1</th></tr><tr class="param stripe"><td>{Runmode=N, Browser=Chrome, Result=}</td></tr><tr><th>Exception</th></tr><tr><td><div class="stacktrace">org.testng.SkipException: Skipping the test TopPerformingAssetsTestinside thePortFolioTest
	at com.selenium.framework.datadriven.TestBase.validateRunmodes(TestBase.java:92)
	at com.selenium.framework.datadriven.PortFolio.TopAssetsperTest.topperformingassetstest(TopAssetsperTest.java:33)
... Removed 25 stack frames</div></td></tr></table><p class="totop"><a href="#summary">back to summary</a></p><h3 id="m4">com.selenium.framework.datadriven.PortFolio.TopAssetsperTest#topperformingassetstest</h3><table class="result"><tr class="param"><th>Parameter #1</th></tr><tr class="param stripe"><td>{Runmode=N, Browser=Mozilla, Result=}</td></tr><tr><th>Exception</th></tr><tr><td><div class="stacktrace">org.testng.SkipException: Skipping the test TopPerformingAssetsTestinside thePortFolioTest
	at com.selenium.framework.datadriven.TestBase.validateRunmodes(TestBase.java:92)
	at com.selenium.framework.datadriven.PortFolio.TopAssetsperTest.topperformingassetstest(TopAssetsperTest.java:33)
... Removed 25 stack frames</div></td></tr></table><p class="totop"><a href="#summary">back to summary</a></p><h3 id="m5">com.selenium.framework.datadriven.PortFolio.TopAssetsperTest#topperformingassetstest</h3><table class="result"><tr class="param"><th>Parameter #1</th></tr><tr class="param stripe"><td>{Runmode=Y, Browser=Chrome, Result=}</td></tr></table><p class="totop"><a href="#summary">back to summary</a></p><h2>Test3</h2><h3 id="m6">com.selenium.framework.datadriven.PortFolio.Test3#test3</h3><table class="result"><tr class="param"><th>Parameter #1</th></tr><tr class="param stripe"><td>{Date=11-04-2016, PurchasePrice=13, Runmode=Y, Expected_Result=SUCCESS, Quantity=12, StockName=Asian Paints Pvt Ltd, Browser=Chrome, Result=}</td></tr><tr><th>Exception</th></tr><tr><td><div class="stacktrace">java.lang.AssertionError: Title does not match expected [true] but found [false]
	at com.selenium.framework.datadriven.PortFolio.Test3.test3(Test3.java:29)
... Removed 28 stack frames</div></td></tr></table><p class="totop"><a href="#summary">back to summary</a></p></body></html>